APRProof: 3b5db92e448652f457d707ae084aa0170d37493d6682ad88044dab22dd34ee98
    status: ProofStatus.FAILED
    admitted: False
    nodes: 3
    pending: 0
    failing: 1
    vacuous: 0
    stuck: 1
    terminal: 0
    refuted: 0
    bounded: 0
    execution time: 0s
Subproofs: 0
1 Failure nodes. (0 pending and 1 failing)

Failing nodes:

  Node id: 3
  Failure reason:
    Matching failed.
    The following cells failed matching individually (antecedent #Implies consequent):
    K_CELL: mid X:Int #Implies end X:Int +Int 1
  Path condition:
    #Top
  Failed to generate a model.

Join the Runtime Verification Discord server for support: https://discord.gg/CurfmXNtbN
APRProof: 3e6cbe446df994baaad1c0489b3fe446f38936d6ab3eddd5d5290e1cdaf8e4c3
    status: ProofStatus.PASSED
    admitted: True
    nodes: 2
    pending: 0
    failing: 1
    vacuous: 0
    stuck: 1
    terminal: 0
    refuted: 0
    bounded: 0
    execution time: 0s
Subproofs: 0
