APRProof: 9a4472bb23b753c964253cf9c33a4106c218e10e92a4bdea030a6855047dcd7b
    status: ProofStatus.FAILED
    admitted: False
    nodes: 3
    pending: 0
    failing: 1
    vacuous: 0
    stuck: 1
    terminal: 0
    refuted: 0
    bounded: 0
    execution time: 0s
Subproofs: 0
1 Failure nodes. (0 pending and 1 failing)

Failing nodes:

  Node id: 3
  Failure reason:
    Matching failed.
    The following cells failed matching individually (antecedent #Implies consequent):
    K_CELL: mid X:Int #Implies end X:Int
  Path condition:
    #Top
  Failed to generate a model.

Join the Runtime Verification Discord server for support: https://discord.gg/CurfmXNtbN
APRProof: b9c6eda94b5c32a6af2352c3a9d42187a46971dd2c0a151cdf324dbddd5ae3b5
    status: ProofStatus.PASSED
    admitted: True
    nodes: 2
    pending: 0
    failing: 1
    vacuous: 0
    stuck: 1
    terminal: 0
    refuted: 0
    bounded: 0
    execution time: 0s
Subproofs: 0
