APRProof: 1e47227c8856dab7ba6844d6eccdf9b370f0bda134d0214baf9db45e2f39bd5f
    status: ProofStatus.PASSED
    admitted: True
    nodes: 2
    pending: 0
    failing: 1
    vacuous: 0
    stuck: 1
    terminal: 0
    refuted: 0
    bounded: 0
    execution time: 0s
Subproofs: 0
APRProof: 4857026f0de4d0bd9a09c322f01f435465d1ee4d6e52d0005d3d61fc56da29b9
    status: ProofStatus.FAILED
    admitted: False
    nodes: 3
    pending: 0
    failing: 1
    vacuous: 0
    stuck: 1
    terminal: 0
    refuted: 0
    bounded: 0
    execution time: 0s
Subproofs: 0
1 Failure nodes. (0 pending and 1 failing)

Failing nodes:

  Node id: 3
  Failure reason:
    Matching failed.
    The following cells failed matching individually (antecedent #Implies consequent):
    K_CELL: mid X:Int #Implies end X:Int
  Path condition:
    #Top
  Failed to generate a model.

Join the Runtime Verification Discord server for support: https://discord.gg/CurfmXNtbN
