APRProof: 4162c7f8c7f21704a63fa10e2689e0b6114fc6e25b91d2db74334299a9171afd
    status: ProofStatus.FAILED
    admitted: False
    nodes: 3
    pending: 0
    failing: 1
    vacuous: 0
    stuck: 1
    terminal: 0
    refuted: 0
    bounded: 0
    execution time: 0s
Subproofs: 0
1 Failure nodes. (0 pending and 1 failing)

Failing nodes:

  Node id: 3
  Failure reason:
    Matching failed.
    The following cells failed matching individually (antecedent #Implies consequent):
    K_CELL: mid X:Int +Int -1 #Implies end X:Int +Int -1
  Path condition:
    #Top
  Failed to generate a model.

Join the Runtime Verification Discord server for support: https://discord.gg/CurfmXNtbN
APRProof: 8564e62b1f74db62541d2404c2ea787444e11aa857f253d41bad51edb079e01c
    status: ProofStatus.PASSED
    admitted: True
    nodes: 2
    pending: 0
    failing: 1
    vacuous: 0
    stuck: 1
    terminal: 0
    refuted: 0
    bounded: 0
    execution time: 0s
Subproofs: 0
