APRProof: a36dc5f7b27eae9678a2d42c74f49354a2614fe5230399f5237ec709c6426505
    status: ProofStatus.PASSED
    admitted: True
    nodes: 2
    pending: 0
    failing: 1
    vacuous: 0
    stuck: 1
    terminal: 0
    refuted: 0
    bounded: 0
    execution time: 0s
Subproofs: 0
APRProof: d81de202e88aa56db2aeaa5eb8b9e735fcd5f2c15f3af460acef50c42b28e651
    status: ProofStatus.FAILED
    admitted: False
    nodes: 3
    pending: 0
    failing: 1
    vacuous: 0
    stuck: 1
    terminal: 0
    refuted: 0
    bounded: 0
    execution time: 0s
Subproofs: 0
1 Failure nodes. (0 pending and 1 failing)

Failing nodes:

  Node id: 3
  Failure reason:
    Matching failed.
    The following cells failed matching individually (antecedent #Implies consequent):
    K_CELL: mid X:Int +Int 1 #Implies end X:Int +Int 1
  Path condition:
    #Top
  Failed to generate a model.

Join the Runtime Verification Discord server for support: https://discord.gg/CurfmXNtbN
