APRProof: 01710c8f87d76fd0da37638255a681f0bd736bef4676a50d778472988fd84c8e
    status: ProofStatus.FAILED
    admitted: False
    nodes: 3
    pending: 0
    failing: 1
    vacuous: 0
    stuck: 1
    terminal: 0
    refuted: 0
    bounded: 0
    execution time: 0s
Subproofs: 0
1 Failure nodes. (0 pending and 1 failing)

Failing nodes:

  Node id: 3
  Failure reason:
    Matching failed.
    The following cells failed matching individually (antecedent #Implies consequent):
    K_CELL: mid ( I:Int ) #Implies end
    ~> K_CELL_fc656f08:K
    SET_CELL: SetItem ( I:Int #Implies I:Int +Int 1 ) SET_CELL_c26b4402:Set #Implies SET_CELL_88ba1360:Set SET_CELL_c26b4402:Set
  Path condition:
    #Top
  Failed to generate a model.

Join the Runtime Verification Discord server for support: https://discord.gg/CurfmXNtbN
APRProof: 5fa09dfc5ede0b5b6f236d050ee25b0434900c8ff7015a327e96006f622bb7ce
    status: ProofStatus.PASSED
    admitted: True
    nodes: 2
    pending: 0
    failing: 1
    vacuous: 0
    stuck: 1
    terminal: 0
    refuted: 0
    bounded: 0
    execution time: 0s
Subproofs: 0
