APRProof: bedd02b8f7cad5d2ed0010c509c971d13b237ba8f9253b9fc5ad8875b0888625
    status: ProofStatus.FAILED
    admitted: False
    nodes: 2
    pending: 0
    failing: 1
    vacuous: 0
    stuck: 1
    terminal: 0
    refuted: 0
    bounded: 0
    execution time: 0s
Subproofs: 0
1 Failure nodes. (0 pending and 1 failing)

Failing nodes:

  Node id: 1
  Failure reason:
    Matching failed.
    The following cells failed matching individually (antecedent #Implies consequent):
    K_CELL: I:Nat + J:Nat + s ( k ) #Implies I:Nat + J:Nat + s ( k )
  Path condition:
    #Top
  Failed to generate a model.

Join the Runtime Verification Discord server for support: https://discord.gg/CurfmXNtbN
APRProof: fad105c7a25fdfbf525cdefa6d82aef8f31b2d5ec55f3d576581505c81617935
    status: ProofStatus.PASSED
    admitted: False
    nodes: 2
    pending: 0
    failing: 0
    vacuous: 0
    stuck: 0
    terminal: 0
    refuted: 0
    bounded: 0
    execution time: 0s
Subproofs: 0
