kore-rpc: [1437184] Warning (WarnFunctionWithoutEvaluators):
    No evaluators for function symbol:
        Lblfinal'LParUndsRParUnds'TEST'Unds'Int'Unds'Int{} (<no label>)
    defined at: test.k:12:18-12:46
kore-rpc: [1585659] Warning (WarnFunctionWithoutEvaluators):
    No evaluators for function symbol:
        Lblfinal'LParUndsRParUnds'TEST'Unds'Int'Unds'Int{} (<no label>)
    defined at: test.k:12:18-12:46
kore-rpc: [1728487] Warning (WarnFunctionWithoutEvaluators):
    No evaluators for function symbol:
        Lblfinal'LParUndsRParUnds'TEST'Unds'Int'Unds'Int{} (<no label>)
    defined at: test.k:12:18-12:46
kore-rpc: [1852234] Warning (WarnFunctionWithoutEvaluators):
    No evaluators for function symbol:
        Lblfinal'LParUndsRParUnds'TEST'Unds'Int'Unds'Int{} (<no label>)
    defined at: test.k:12:18-12:46
kore-rpc: [2123279] Warning (WarnFunctionWithoutEvaluators):
    No evaluators for function symbol:
        Lblfinal'LParUndsRParUnds'TEST'Unds'Int'Unds'Int{} (<no label>)
    defined at: test.k:12:18-12:46
kore-rpc: [2268936] Warning (WarnFunctionWithoutEvaluators):
    No evaluators for function symbol:
        Lblfinal'LParUndsRParUnds'TEST'Unds'Int'Unds'Int{} (<no label>)
    defined at: test.k:12:18-12:46
APRProof: A1-SPEC.s1
    status: ProofStatus.FAILED
    admitted: False
    nodes: 3
    pending: 0
    failing: 1
    vacuous: 0
    stuck: 1
    terminal: 0
    refuted: 0
    bounded: 0
    execution time: 0s
Subproofs: 0
1 Failure nodes. (0 pending and 1 failing)

Failing nodes:

  Node id: 3
  Failure reason:
    Matching failed.
    The following cells failed matching individually (antecedent #Implies consequent):
    COUNTER_CELL: final ( n +Int 5 ) #Implies 0
  Path condition:
    #Top
  Failed to generate a model.

Join the Runtime Verification Discord server for support: https://discord.gg/CurfmXNtbN
