APRProof: f71a1e84ada30dee5362ae301004472b5f58cabc26d8993704c33eb1a43a5b60
    status: ProofStatus.FAILED
    admitted: False
    nodes: 3
    pending: 0
    failing: 1
    vacuous: 0
    stuck: 1
    terminal: 0
    refuted: 0
    bounded: 0
    execution time: 0s
Subproofs: 0
1 Failure nodes. (0 pending and 1 failing)

Failing nodes:

  Node id: 3
  Failure reason:
    Matching failed.
    The remaining implication is:
    { true #Equals 5 <=Int ?C:Int }
    #And { true #Equals ?C:Int <=Int 5 }
  Path condition:
    #Top
  Failed to generate a model.

Join the Runtime Verification Discord server for support: https://discord.gg/CurfmXNtbN
