APRProof: A2-SPEC.s2
    status: ProofStatus.FAILED
    admitted: False
    nodes: 5
    pending: 0
    failing: 1
    vacuous: 0
    stuck: 1
    terminal: 0
    refuted: 0
    bounded: 0
    execution time: 0s
Subproofs: 0
1 Failure nodes. (0 pending and 1 failing)

Failing nodes:

  Node id: 5
  Failure reason:
    Matching failed.
    The following cells failed matching individually (antecedent #Implies consequent):
    K_CELL: end ( bar ( X:Int ) ) #Implies end ( baz ( X:Int ) )
  Path condition:
    #Ceil ( bar ( X:Int ) )
  Failed to generate a model.

Join the Runtime Verification Discord server for support: https://discord.gg/CurfmXNtbN
